<?xml version="1.0" encoding="UTF-8"?>
<!-- Generated by org.testng.reporters.JUnitReportReporter -->
<testsuite hostname="SAMPATH" failures="0" tests="1" name="Parameter_Authentication.OAuth2authentication" time="4.351" errors="0" timestamp="30 Oct 2021 08:07:45 GMT" skipped="0">
  <testcase classname="Parameter_Authentication.OAuth2authentication" name="oauth2authentication" time="4.351"/>
</testsuite> <!-- Parameter_Authentication.OAuth2authentication -->
