<?xml version="1.0" encoding="UTF-8"?>
<!-- Generated by org.testng.reporters.JUnitReportReporter -->
<testsuite hostname="SAMPATH" failures="0" tests="1" name="Parameter_Authentication.BearerToken" time="3.101" errors="0" timestamp="30 Oct 2021 07:08:17 GMT" skipped="0">
  <testcase classname="Parameter_Authentication.BearerToken" name="bearerToken" time="3.101"/>
</testsuite> <!-- Parameter_Authentication.BearerToken -->
