<?xml version="1.0" encoding="UTF-8"?>
<!-- Generated by org.testng.reporters.JUnitReportReporter -->
<testsuite hostname="SAMPATH" failures="0" tests="1" name="com.RestAssured.CreateProject_JSON_File" time="2.314" errors="0" timestamp="28 Oct 2021 06:51:52 GMT" skipped="0">
  <testcase classname="com.RestAssured.CreateProject_JSON_File" name="createProject" time="2.314"/>
</testsuite> <!-- com.RestAssured.CreateProject_JSON_File -->
