<?xml version="1.0" encoding="UTF-8"?>
<!-- Generated by org.testng.reporters.JUnitReportReporter -->
<testsuite hostname="SAMPATH" failures="0" tests="1" name="Parameter_Authentication.QueryParameter" time="2.617" errors="0" timestamp="29 Oct 2021 07:50:26 GMT" skipped="0">
  <testcase classname="Parameter_Authentication.QueryParameter" name="queryparameter" time="2.617"/>
</testsuite> <!-- Parameter_Authentication.QueryParameter -->
