<?xml version="1.0" encoding="UTF-8"?>
<!-- Generated by org.testng.reporters.JUnitReportReporter -->
<testsuite hostname="SAMPATH" failures="0" tests="1" name="Parameter_Authentication.PathParameter" time="2.415" errors="0" timestamp="29 Oct 2021 07:52:05 GMT" skipped="0">
  <testcase classname="Parameter_Authentication.PathParameter" name="pathParameter" time="2.415"/>
</testsuite> <!-- Parameter_Authentication.PathParameter -->
