<?xml version="1.0" encoding="UTF-8"?>
<!-- Generated by org.testng.reporters.JUnitReportReporter -->
<testsuite hostname="SAMPATH" failures="0" tests="1" name="Parameter_Authentication.Request_Chaining_Create_Delete" time="3.826" errors="0" timestamp="30 Oct 2021 06:31:41 GMT" skipped="0">
  <testcase classname="Parameter_Authentication.Request_Chaining_Create_Delete" name="chainingpost_delete" time="3.826"/>
</testsuite> <!-- Parameter_Authentication.Request_Chaining_Create_Delete -->
