<?xml version="1.0" encoding="UTF-8"?>
<!-- Generated by org.testng.reporters.JUnitReportReporter -->
<testsuite hostname="SAMPATH" failures="0" tests="1" name="Parameter_Authentication.Request_Chaining_Create_Get" time="4.508" errors="0" timestamp="30 Oct 2021 06:26:23 GMT" skipped="0">
  <testcase classname="Parameter_Authentication.Request_Chaining_Create_Get" name="requestchaining" time="4.508"/>
</testsuite> <!-- Parameter_Authentication.Request_Chaining_Create_Get -->
