<?xml version="1.0" encoding="UTF-8"?>
<!-- Generated by org.testng.reporters.JUnitReportReporter -->
<testsuite hostname="SAMPATH" failures="0" tests="1" name="Parameter_Authentication.BasicAuth" time="3.134" errors="0" timestamp="30 Oct 2021 06:46:02 GMT" skipped="0">
  <testcase classname="Parameter_Authentication.BasicAuth" name="basicauth" time="3.134"/>
</testsuite> <!-- Parameter_Authentication.BasicAuth -->
