<?xml version="1.0" encoding="UTF-8"?>
<!-- Generated by org.testng.reporters.JUnitReportReporter -->
<testsuite hostname="SAMPATH" failures="0" tests="1" name="com.complex_Response.StaticResponse" time="3.075" errors="0" timestamp="29 Oct 2021 07:51:11 GMT" skipped="0">
  <testcase classname="com.complex_Response.StaticResponse" name="staticResponse" time="3.075"/>
</testsuite> <!-- com.complex_Response.StaticResponse -->
