<?xml version="1.0" encoding="UTF-8"?>
<!-- Generated by org.testng.reporters.JUnitReportReporter -->
<testsuite hostname="SAMPATH" failures="0" tests="1" name="com.complex_Response.DynamicResponse" time="3.058" errors="0" timestamp="29 Oct 2021 07:50:53 GMT" skipped="0">
  <testcase classname="com.complex_Response.DynamicResponse" name="dynamicresponse" time="3.058"/>
</testsuite> <!-- com.complex_Response.DynamicResponse -->
